<?xml version="1.0" encoding="UTF-8"?>
<testsuite xmlns:xsi="http://www.w3.org/2001/XMLSchema-instance" xsi:noNamespaceSchemaLocation="https://maven.apache.org/surefire/maven-surefire-plugin/xsd/surefire-test-report.xsd" name="ru.netology.smart_home.RadioTest" time="0.226" tests="18" errors="0" skipped="0" failures="0">
  <properties>
[...]
</properties>
  <testcase name="shouldIncreaseVolume{String, int, int}[1]" classname="ru.netology.smart_home.RadioTest" time="0.065"/>
  <testcase name="shouldIncreaseVolume{String, int, int}[2]" classname="ru.netology.smart_home.RadioTest" time="0.001"/>
  <testcase name="shouldSetStation{String, int, int}[1]" classname="ru.netology.smart_home.RadioTest" time="0"/>
  <testcase name="shouldSetStation{String, int, int}[2]" classname="ru.netology.smart_home.RadioTest" time="0.002"/>
  <testcase name="shouldSetStation{String, int, int}[3]" classname="ru.netology.smart_home.RadioTest" time="0.001"/>
  <testcase name="shouldSetStation{String, int, int}[4]" classname="ru.netology.smart_home.RadioTest" time="0"/>
  <testcase name="shouldSetStation{String, int, int}[5]" classname="ru.netology.smart_home.RadioTest" time="0.001"/>
  <testcase name="shouldDecreaseVolume{String, int, int}[1]" classname="ru.netology.smart_home.RadioTest" time="0"/>
  <testcase name="shouldDecreaseVolume{String, int, int}[2]" classname="ru.netology.smart_home.RadioTest" time="0.001"/>
  <testcase name="shouldSetNextStation{String, int, int}[1]" classname="ru.netology.smart_home.RadioTest" time="0"/>
  <testcase name="shouldSetNextStation{String, int, int}[2]" classname="ru.netology.smart_home.RadioTest" time="0.001"/>
  <testcase name="shouldSetCurrentVolume{String, int, int}[1]" classname="ru.netology.smart_home.RadioTest" time="0"/>
  <testcase name="shouldSetCurrentVolume{String, int, int}[2]" classname="ru.netology.smart_home.RadioTest" time="0"/>
  <testcase name="shouldSetCurrentVolume{String, int, int}[3]" classname="ru.netology.smart_home.RadioTest" time="0"/>
  <testcase name="shouldSetCurrentVolume{String, int, int}[4]" classname="ru.netology.smart_home.RadioTest" time="0"/>
  <testcase name="shouldSetCurrentVolume{String, int, int}[5]" classname="ru.netology.smart_home.RadioTest" time="0"/>
  <testcase name="shouldSetPrevStation{String, int, int}[1]" classname="ru.netology.smart_home.RadioTest" time="0"/>
  <testcase name="shouldSetPrevStation{String, int, int}[2]" classname="ru.netology.smart_home.RadioTest" time="0.001"/>
</testsuite>